hair1/app/build/intermediates/manifest_merge_blame_file/debug/manifest-merger-blame-debug-report.txt
1<?xml version="1.0" encoding="utf-8"?>
2<manifest xmlns:android="http://schemas.android.com/apk/res/android"
3    package="com.example.hair1"
4    android:versionCode="1"
5    android:versionName="1.0" >
6
7    <uses-sdk
8        android:minSdkVersion="21"
8-->src\main\AndroidManifest.xml
9        android:targetSdkVersion="31" />
9-->src\main\AndroidManifest.xml
10
11    <application
11-->src\main\AndroidManifest.xml:6:5-43:19
12        android:allowBackup="true"
12-->src\main\AndroidManifest.xml:7:9-35
13        android:appComponentFactory="androidx.core.app.CoreComponentFactory"
13-->[androidx.core:core:1.6.0] AndroidManifest.xml:24:18-86
14        android:debuggable="true"
15        android:icon="@mipmap/ic_launcher"
15-->src\main\AndroidManifest.xml:8:9-43
16        android:label="@string/app_name"
16-->src\main\AndroidManifest.xml:9:9-41
17        android:roundIcon="@mipmap/ic_launcher_round"
17-->src\main\AndroidManifest.xml:10:9-54
18        android:supportsRtl="true"
18-->src\main\AndroidManifest.xml:11:9-35
19        android:testOnly="true"
20        android:theme="@style/Theme.Hair1" >
20-->src\main\AndroidManifest.xml:12:9-43
21        <activity
21-->src\main\AndroidManifest.xml:13:9-15:54
22            android:name="com.example.hair1.ServiceUser"
22-->src\main\AndroidManifest.xml:14:13-40
23            android:parentActivityName="com.example.hair1.HomeUser" />
23-->src\main\AndroidManifest.xml:15:13-51
24        <activity
24-->src\main\AndroidManifest.xml:16:9-18:39
25            android:name="com.example.hair1.Addhpay"
25-->src\main\AndroidManifest.xml:17:13-36
26            android:exported="true" />
26-->src\main\AndroidManifest.xml:18:13-36
27        <activity
27-->src\main\AndroidManifest.xml:20:9-22:39
28            android:name="com.example.hair1.HomeUser"
28-->src\main\AndroidManifest.xml:21:13-37
29            android:exported="true" />
29-->src\main\AndroidManifest.xml:22:13-36
30        <activity
30-->src\main\AndroidManifest.xml:23:9-25:39
31            android:name="com.example.hair1.LoginUser"
31-->src\main\AndroidManifest.xml:24:13-38
32            android:exported="true" />
32-->src\main\AndroidManifest.xml:25:13-36
33        <activity
33-->src\main\AndroidManifest.xml:26:9-34:20
34            android:name="com.example.hair1.MainActivity"
34-->src\main\AndroidManifest.xml:27:13-41
35            android:exported="true" >
35-->src\main\AndroidManifest.xml:28:13-36
36            <intent-filter>
36-->src\main\AndroidManifest.xml:29:13-33:29
37                <action android:name="android.intent.action.MAIN" />
37-->src\main\AndroidManifest.xml:30:17-69
37-->src\main\AndroidManifest.xml:30:25-66
38
39                <category android:name="android.intent.category.LAUNCHER" />
39-->src\main\AndroidManifest.xml:32:17-77
39-->src\main\AndroidManifest.xml:32:27-74
40            </intent-filter>
41        </activity>
42        <activity
42-->src\main\AndroidManifest.xml:35:9-38:58
43            android:name="com.example.hair1.register_user"
43-->src\main\AndroidManifest.xml:36:13-42
44            android:exported="true"
44-->src\main\AndroidManifest.xml:37:13-36
45            android:parentActivityName="com.example.hair1.MainActivity" />
45-->src\main\AndroidManifest.xml:38:13-55
46
47        <meta-data
47-->src\main\AndroidManifest.xml:40:9-42:57
48            android:name="preloaded_fonts"
48-->src\main\AndroidManifest.xml:41:13-43
49            android:resource="@array/preloaded_fonts" />
49-->src\main\AndroidManifest.xml:42:13-54
50    </application>
51
52</manifest>